<<<<<<< HEAD
<?xml version="1.0" encoding="utf-8"?>
<!DOCTYPE hibernate-configuration PUBLIC
    "-//Hibernate/Hibernate Configuration DTD 3.0//EN"
    "http://hibernate.sourceforge.net/hibernate-configuration-3.0.dtd">
 
<hibernate-configuration>
    <session-factory>
        <mapping resource="IntegrationServer.hbm.xml" />
        <mapping resource="CategoryOption.hbm.xml" />
        <mapping resource="CategoryCombo.hbm.xml" />
        <mapping resource="Option.hbm.xml" />
        <mapping resource="OptionSet.hbm.xml" />
        <mapping resource="ReportTemplate.hbm.xml" />
        <mapping resource="DataElement.hbm.xml" />
        <mapping resource="DataValueTemplate.hbm.xml" />
        <mapping resource="OrgUnit.hbm.xml" />
        <mapping resource="ReportDesign.hbm.xml" />	
        <mapping resource="ReportRequest.hbm.xml" />	
    </session-factory>
=======
<?xml version="1.0" encoding="utf-8"?>
<!DOCTYPE hibernate-configuration PUBLIC
    "-//Hibernate/Hibernate Configuration DTD 3.0//EN"
    "http://hibernate.sourceforge.net/hibernate-configuration-3.0.dtd">
 
<hibernate-configuration>
    <session-factory>
        <mapping resource="IntegrationServer.hbm.xml" />
        <mapping resource="CategoryOption.hbm.xml" />
        <mapping resource="CategoryCombo.hbm.xml" />
        <mapping resource="Option.hbm.xml" />
        <mapping resource="OptionSet.hbm.xml" />
        <mapping resource="ReportTemplate.hbm.xml" />
        <mapping resource="DataElement.hbm.xml" />
        <mapping resource="DataValueTemplate.hbm.xml" />
        <mapping resource="OrgUnit.hbm.xml" />
        <mapping resource="ReportDesign.hbm.xml" />	
        <mapping resource="ReportRequest.hbm.xml" />	
    </session-factory>
>>>>>>> 21cc5848fb0d6b6d7a642effdfa7ff481958e9e9
</hibernate-configuration>